<?xml version="1.0" encoding="utf-8"?><testsuites name="pytest tests"><testsuite name="pytest" errors="0" failures="0" skipped="0" tests="21" time="9.361" timestamp="2026-02-12T02:13:06.503838+00:00" hostname="agent-env-bb16782c-fb9b-4346-839b-a164cf8990c1"><testcase classname="backend.tests.test_xrp_wallet.TestHealthAndRoot" name="test_health_endpoint" time="0.060" /><testcase classname="backend.tests.test_xrp_wallet.TestHealthAndRoot" name="test_root_endpoint" time="0.036" /><testcase classname="backend.tests.test_xrp_wallet.TestAuthentication" name="test_register_new_user" time="0.297" /><testcase classname="backend.tests.test_xrp_wallet.TestAuthentication" name="test_register_duplicate_email" time="0.302" /><testcase classname="backend.tests.test_xrp_wallet.TestAuthentication" name="test_login_success" time="0.558" /><testcase classname="backend.tests.test_xrp_wallet.TestAuthentication" name="test_login_invalid_credentials" time="0.050" /><testcase classname="backend.tests.test_xrp_wallet.TestAuthentication" name="test_get_me_authenticated" time="0.351" /><testcase classname="backend.tests.test_xrp_wallet.TestAuthentication" name="test_get_me_unauthenticated" time="0.040" /><testcase classname="backend.tests.test_xrp_wallet.TestWallet" name="test_create_wallet" time="0.357" /><testcase classname="backend.tests.test_xrp_wallet.TestWallet" name="test_get_wallets" time="0.342" /><testcase classname="backend.tests.test_xrp_wallet.TestWallet" name="test_delete_wallet" time="0.358" /><testcase classname="backend.tests.test_xrp_wallet.TestWallet" name="test_import_wallet" time="0.298" /><testcase classname="backend.tests.test_xrp_wallet.TestBlockchain" name="test_get_supported_chains" time="0.032" /><testcase classname="backend.tests.test_xrp_wallet.TestBlockchain" name="test_evm_balance" time="0.257" /><testcase classname="backend.tests.test_xrp_wallet.TestBlockchain" name="test_xrp_balance" time="0.636" /><testcase classname="backend.tests.test_xrp_wallet.TestBlockchain" name="test_solana_balance" time="0.145" /><testcase classname="backend.tests.test_xrp_wallet.TestBlockchain" name="test_bitcoin_balance" time="0.305" /><testcase classname="backend.tests.test_xrp_wallet.TestBlockchain" name="test_multi_chain_balances" time="4.438" /><testcase classname="backend.tests.test_xrp_wallet.TestPrices" name="test_get_prices" time="0.162" /><testcase classname="backend.tests.test_xrp_wallet.TestPrices" name="test_price_history" time="0.113" /><testcase classname="backend.tests.test_xrp_wallet.TestSwap" name="test_swap_quote" time="0.099" /></testsuite></testsuites>